app/build/outputs/mapping/release/seeds.txt
com.example.sot_apk.MyApplication
com.example.sot_apk.MainActivity
com.example.sot_apk.MainActivity: MainActivity()
com.example.sot_apk.MyApplication: MyApplication()
...
com.onesignal.notifications.internal.badges.impl.shortcutbadger.impl.ApexHomeBadger: void executeBadge(android.content.Context,android.content.ComponentName,int)
com.onesignal.notifications.NotificationsModule$register$2: java.lang.Object invoke(com.onesignal.common.services.IServiceProvider)
com.onesignal.notifications.internal.common.NotificationGenerationJob: boolean isNotificationToDisplay()
com.onesignal.inAppMessages.internal.triggers.TriggerModel$key$2: java.lang.Object invoke()
com.onesignal.inAppMessages.internal.InAppMessagesManager$onMessageActionOccurredOnMessage$1: java.lang.Object invoke(kotlin.coroutines.Continuation)
com.onesignal.notifications.internal.lifecycle.impl.NotificationLifecycleService$canOpenNotification$2: kotlin.coroutines.Continuation create(java.lang.Object,kotlin.coroutines.Continuation)
androidx.core.app.ActivityCompat$Api16Impl: void startIntentSenderForResult(android.app.Activity,android.content.IntentSender,int,android.content.Intent,int,int,int,android.os.Bundle)
com.onesignal.common.ViewUtils: ViewUtils()
com.google.android.material.chip.Chip: void setShowMotionSpec(com.google.android.material.animation.MotionSpec)
androidx.appcompat.widget.AppCompatTextView: android.view.textclassifier.TextClassifier getTextClassifier()
com.onesignal.common.services.ServiceBuilder: com.onesignal.common.services.ServiceRegistration register(kotlin.jvm.functions.Function1)
com.google.firebase.messaging.reporting.MessagingClientEvent$Event: com.google.firebase.messaging.reporting.MessagingClientEvent$Event valueOf(java.lang.String)
com.onesignal.notifications.internal.NotificationsManager$removeNotification$1: java.lang.Object invoke(java.lang.Object)
com.onesignal.inAppMessages.internal.Trigger: com.onesignal.inAppMessages.internal.Trigger$OSTriggerOperator getOperatorType()
com.onesignal.common.events.CallbackProducer$fireOnMain$1: java.lang.Object invoke(kotlin.coroutines.Continuation)
com.onesignal.core.internal.operations.listeners.SingletonModelStoreListener: com.onesignal.core.internal.operations.Operation getReplaceOperation(com.onesignal.common.modeling.Model)
com.onesignal.core.internal.background.impl.BackgroundManager$runBackgroundServices$2$1: java.lang.Object invoke(java.lang.Object,java.lang.Object)
com.onesignal.notifications.internal.data.impl.NotificationRepository: com.onesignal.notifications.internal.badges.IBadgeCountUpdater access$get_badgeCountUpdater$p(com.onesignal.notifications.internal.data.impl.NotificationRepository)
com.onesignal.notifications.internal.common.NotificationGenerationJob: void setOverriddenTitleFromExtender(java.lang.CharSequence)
androidx.appcompat.widget.ViewStubCompat: int getInflatedId()
com.google.android.material.chip.ChipGroup: void setDividerDrawableVertical(android.graphics.drawable.Drawable)
com.google.android.material.internal.NavigationMenuItemView: void setIcon(android.graphics.drawable.Drawable)
com.onesignal.internal.OneSignalImp: boolean hasService(java.lang.Class)
com.onesignal.inAppMessages.internal.display.impl.WebViewManager$onActivityAvailable$1: java.lang.Object invoke(java.lang.Object)
androidx.constraintlayout.motion.widget.MotionLayout: java.util.ArrayList getDefinedTransitions()
androidx.appcompat.widget.Toolbar: void setTitleMarginStart(int)
com.onesignal.inAppMessages.internal.display.impl.WebViewManager: void access$setClosing$p(com.onesignal.inAppMessages.internal.display.impl.WebViewManager,boolean)
com.onesignal.core.activities.PermissionsActivity: boolean shouldShowSettings()
androidx.vectordrawable.graphics.drawable.VectorDrawableCompat$VGroup: java.lang.String getGroupName()
com.google.android.material.radiobutton.MaterialRadioButton: void setUseMaterialThemeColors(boolean)
com.google.android.material.floatingactionbutton.FloatingActionButton: float getCompatHoveredFocusedTranslationZ()
com.onesignal.common.AndroidSupportV4Compat$ActivityCompat: void requestPermissions(android.app.Activity,java.lang.String[],int)