app/build/outputs/mapping/release/usage.txt
com.example.sot_apk.BuildConfig
com.example.sot_apk.R$anim
com.example.sot_apk.R$animator
com.example.sot_apk.R$attr
com.example.sot_apk.R$bool
com.example.sot_apk.R$color
com.example.sot_apk.R$dimen
com.example.sot_apk.R$drawable
com.example.sot_apk.R$id
com.example.sot_apk.R$integer
com.example.sot_apk.R$interpolator
com.example.sot_apk.R$layout
com.example.sot_apk.R$mipmap
com.example.sot_apk.R$plurals
com.example.sot_apk.R$raw
com.example.sot_apk.R$string
com.example.sot_apk.R$style
com.example.sot_apk.R$styleable
com.example.sot_apk.R$xml
com.example.sot_apk.R
com.example.sot_apk.databinding.ActivityMainBinding
com.example.sot_apk.MyApplication$onCreate$1:
    public final java.lang.Object invoke(kotlinx.coroutines.CoroutineScope,kotlin.coroutines.Continuation)
...
kotlinx.coroutines.channels.BroadcastChannel
kotlinx.coroutines.channels.BroadcastChannelKt
kotlinx.coroutines.channels.BroadcastCoroutine
kotlinx.coroutines.channels.BroadcastKt$broadcast$$inlined$CoroutineExceptionHandler$1
kotlinx.coroutines.channels.BroadcastKt$broadcast$1
kotlinx.coroutines.channels.BroadcastKt$broadcast$2
kotlinx.coroutines.channels.BroadcastKt
kotlinx.coroutines.channels.Channel$DefaultImpls
kotlinx.coroutines.channels.Channel$Factory:
    public static final int BUFFERED
    public static final int CONFLATED
    public static final java.lang.String DEFAULT_BUFFER_PROPERTY_NAME
    public static final int OPTIONAL_CHANNEL
    public static final int RENDEZVOUS
    public static final int UNLIMITED
kotlinx.coroutines.channels.Channel:
    public static final int BUFFERED
    public static final int CONFLATED
    public static final java.lang.String DEFAULT_BUFFER_PROPERTY_NAME
    public static final int OPTIONAL_CHANNEL
    public static final int RENDEZVOUS
    public static final int UNLIMITED
kotlinx.coroutines.channels.ChannelCoroutine
kotlinx.coroutines.channels.ChannelIterator$DefaultImpls
kotlinx.coroutines.channels.ChannelIterator$next0$1
kotlinx.coroutines.channels.ChannelIterator
kotlinx.coroutines.channels.ChannelKt:
    public static final synthetic kotlinx.coroutines.channels.Channel Channel(int)
    public static synthetic kotlinx.coroutines.channels.Channel Channel$default(int,int,java.lang.Object)
    public static final java.lang.Object getOrElse-WpGqRn0(java.lang.Object,kotlin.jvm.functions.Function1)
    public static final java.lang.Object onClosed-WpGqRn0(java.lang.Object,kotlin.jvm.functions.Function1)
    public static final java.lang.Object onFailure-WpGqRn0(java.lang.Object,kotlin.jvm.functions.Function1)
    public static final java.lang.Object onSuccess-WpGqRn0(java.lang.Object,kotlin.jvm.functions.Function1)
kotlinx.coroutines.channels.ChannelResult$Companion:
    public final java.lang.Object failure-PtdJZtk()
kotlinx.coroutines.channels.ChannelResult:
    public static final synthetic kotlinx.coroutines.channels.ChannelResult$Failed access$getFailed$cp()
    public static final boolean equals-impl0(java.lang.Object,java.lang.Object)
    public static final java.lang.Throwable exceptionOrNull-impl(java.lang.Object)
    public static synthetic void getHolder$annotations()
    public static final java.lang.Object getOrNull-impl(java.lang.Object)
    public static final java.lang.Object getOrThrow-impl(java.lang.Object)
    public static final boolean isClosed-impl(java.lang.Object)
    public static final boolean isFailure-impl(java.lang.Object)
    public static final boolean isSuccess-impl(java.lang.Object)
kotlinx.coroutines.channels.ChannelsKt
kotlinx.coroutines.channels.ChannelsKt__ChannelsKt$sendBlocking$1
kotlinx.coroutines.channels.ChannelsKt__ChannelsKt$trySendBlocking$2
kotlinx.coroutines.channels.ChannelsKt__ChannelsKt
kotlinx.coroutines.channels.ChannelsKt__Channels_commonKt$consumeEach$1
kotlinx.coroutines.channels.ChannelsKt__Channels_commonKt$consumeEach$3
kotlinx.coroutines.channels.ChannelsKt__Channels_commonKt$toList$1
kotlinx.coroutines.channels.ChannelsKt__Channels_commonKt
kotlinx.coroutines.channels.ChannelsKt__DeprecatedKt$any$1
kotlinx.coroutines.channels.ChannelsKt__DeprecatedKt$consumes$1
kotlinx.coroutines.channels.ChannelsKt__DeprecatedKt$consumesAll$1
kotlinx.coroutines.channels.ChannelsKt__DeprecatedKt$count$1
kotlinx.coroutines.channels.ChannelsKt__DeprecatedKt$distinct$1
kotlinx.coroutines.channels.ChannelsKt__DeprecatedKt$distinctBy$1
kotlinx.coroutines.channels.ChannelsKt__DeprecatedKt$drop$1
kotlinx.coroutines.channels.ChannelsKt__DeprecatedKt$dropWhile$1
kotlinx.coroutines.channels.ChannelsKt__DeprecatedKt$elementAt$1
kotlinx.coroutines.channels.ChannelsKt__DeprecatedKt$elementAtOrNull$1
kotlinx.coroutines.channels.ChannelsKt__DeprecatedKt$filter$1
kotlinx.coroutines.channels.ChannelsKt__DeprecatedKt$filterIndexed$1